#-----------------------------------------------------------
# Vivado v2019.2 (64-bit)
# SW Build 2708876 on Wed Nov  6 21:40:23 MST 2019
# IP Build 2700528 on Thu Nov  7 00:09:20 MST 2019
# Start of session at: Thu Mar 10 10:35:11 2022
# Process ID: 12548
# Current directory: C:/Users/Lingke/Desktop/FYP/Round 1 Prototype/TX_V1.0
# Command line: vivado.exe -gui_launcher_event rodinguilauncherevent15960 C:\Users\Lingke\Desktop\FYP\Round 1 Prototype\TX_V1.0\TX_V1.0.xpr
# Log file: C:/Users/Lingke/Desktop/FYP/Round 1 Prototype/TX_V1.0/vivado.log
# Journal file: C:/Users/Lingke/Desktop/FYP/Round 1 Prototype/TX_V1.0\vivado.jou
#-----------------------------------------------------------
start_gui
open_project {C:/Users/Lingke/Desktop/FYP/Round 1 Prototype/TX_V1.0/TX_V1.0.xpr}
Scanning sources...
Finished scanning sources
INFO: [IP_Flow 19-234] Refreshing IP repositories
INFO: [IP_Flow 19-1704] No user IP repositories specified
INFO: [IP_Flow 19-2313] Loaded Vivado IP repository 'C:/Xilinx/Vivado/2019.2/data/ip'.
open_project: Time (s): cpu = 00:00:16 ; elapsed = 00:00:06 . Memory (MB): peak = 801.289 ; gain = 123.547
update_compile_order -fileset sources_1
exit
INFO: [Common 17-206] Exiting Vivado at Thu Mar 10 10:36:01 2022...
