#-----------------------------------------------------------
# Vivado v2019.2 (64-bit)
# SW Build 2708876 on Wed Nov  6 21:40:23 MST 2019
# IP Build 2700528 on Thu Nov  7 00:09:20 MST 2019
# Start of session at: Thu Mar 10 10:34:22 2022
# Process ID: 6016
# Current directory: C:/Users/Lingke/Desktop/FYP/Round 1 Prototype/project_1
# Command line: vivado.exe -gui_launcher_event rodinguilauncherevent11248 C:\Users\Lingke\Desktop\FYP\Round 1 Prototype\project_1\project_1.xpr
# Log file: C:/Users/Lingke/Desktop/FYP/Round 1 Prototype/project_1/vivado.log
# Journal file: C:/Users/Lingke/Desktop/FYP/Round 1 Prototype/project_1\vivado.jou
#-----------------------------------------------------------
start_gui
open_project {C:/Users/Lingke/Desktop/FYP/Round 1 Prototype/project_1/project_1.xpr}
Scanning sources...
Finished scanning sources
INFO: [IP_Flow 19-234] Refreshing IP repositories
INFO: [IP_Flow 19-1704] No user IP repositories specified
INFO: [IP_Flow 19-2313] Loaded Vivado IP repository 'C:/Xilinx/Vivado/2019.2/data/ip'.
open_project: Time (s): cpu = 00:00:16 ; elapsed = 00:00:07 . Memory (MB): peak = 796.867 ; gain = 115.207
update_compile_order -fileset sources_1
exit
INFO: [Common 17-206] Exiting Vivado at Thu Mar 10 10:35:06 2022...
