#-----------------------------------------------------------
# Vivado v2019.2 (64-bit)
# SW Build 2708876 on Wed Nov  6 21:40:23 MST 2019
# IP Build 2700528 on Thu Nov  7 00:09:20 MST 2019
# Start of session at: Mon Mar 28 15:43:35 2022
# Process ID: 6804
# Current directory: C:/Users/Lingke/Desktop/FYP_BCC_TX/TX_Hello_World
# Command line: vivado.exe -gui_launcher_event rodinguilauncherevent9768 C:\Users\Lingke\Desktop\FYP_BCC_TX\TX_Hello_World\project_1.xpr
# Log file: C:/Users/Lingke/Desktop/FYP_BCC_TX/TX_Hello_World/vivado.log
# Journal file: C:/Users/Lingke/Desktop/FYP_BCC_TX/TX_Hello_World\vivado.jou
#-----------------------------------------------------------
start_gui
open_project C:/Users/Lingke/Desktop/FYP_BCC_TX/TX_Hello_World/project_1.xpr
INFO: [Project 1-313] Project file moved from 'C:/Users/Lingke/Desktop/FYP_BCC_TX/project_1' since last save.
Scanning sources...
Finished scanning sources
INFO: [IP_Flow 19-234] Refreshing IP repositories
INFO: [IP_Flow 19-1704] No user IP repositories specified
INFO: [IP_Flow 19-2313] Loaded Vivado IP repository 'C:/Xilinx/Vivado/2019.2/data/ip'.
open_project: Time (s): cpu = 00:00:13 ; elapsed = 00:00:05 . Memory (MB): peak = 821.770 ; gain = 136.168
update_compile_order -fileset sources_1
exit
INFO: [Common 17-206] Exiting Vivado at Mon Mar 28 15:43:59 2022...
